<?xml version="1.0" encoding="UTF-8"?>
<!-- Generated by org.testng.reporters.JUnitReportReporter -->
<testsuite hostname="BLLCLAPUS1410" failures="0" tests="2" name="com.qa.testscripts.LoginTest" time="20.091" errors="0" timestamp="2022-03-03T14:32:34 PST" skipped="0">
  <testcase classname="com.qa.testscripts.LoginTest" name="verifyLoginWithValidCredential" time="2.890"/>
  <system-out/>
  <testcase classname="com.qa.testscripts.LoginTest" name="verifyLoginShowsProperLoggedInMessage" time="17.201"/>
  <system-out/>
</testsuite> <!-- com.qa.testscripts.LoginTest -->
