<?xml version="1.0" encoding="UTF-8"?>
<!-- Generated by org.testng.reporters.JUnitReportReporter -->
<testsuite hostname="BLLCLAPUS1410" failures="0" tests="6" name="com.qa.testscripts.CategoryProductTest" time="42.565" errors="0" timestamp="2022-03-03T14:32:34 PST" skipped="0">
  <testcase classname="com.qa.testscripts.CategoryProductTest" name="verifySubCategorySearch" time="7.503"/>
  <system-out/>
  <testcase classname="com.qa.testscripts.CategoryProductTest" name="verifySubCategorySearch" time="7.856"/>
  <system-out/>
  <testcase classname="com.qa.testscripts.CategoryProductTest" name="verifyAllSubCategoryIsShown" time="6.150"/>
  <system-out/>
  <testcase classname="com.qa.testscripts.CategoryProductTest" name="verifyAllCategoryIsShown" time="5.574"/>
  <system-out/>
  <testcase classname="com.qa.testscripts.CategoryProductTest" name="verifyAllSubCategoryIsShown" time="9.026"/>
  <system-out/>
  <testcase classname="com.qa.testscripts.CategoryProductTest" name="verifyAllSubCategoryIsShown" time="6.456"/>
  <system-out/>
</testsuite> <!-- com.qa.testscripts.CategoryProductTest -->
