<?xml version="1.0" encoding="UTF-8"?>
<!-- Generated by org.testng.reporters.JUnitReportReporter -->
<testsuite skipped="0" hostname="BLLCLAPUS1410" name="com.qa.testscripts.AddtoCartTest" tests="1" failures="0" timestamp="2022-03-05T16:21:49 PST" time="12.124" errors="0">
  <testcase name="verifyAddtoCartFromProductsPage" time="12.124" classname="com.qa.testscripts.AddtoCartTest"/>
  <system-out/>
</testsuite> <!-- com.qa.testscripts.AddtoCartTest -->
