<?xml version="1.0" encoding="UTF-8"?>
<!-- Generated by org.testng.reporters.JUnitReportReporter -->
<testsuite hostname="BLLCLAPUS1410" failures="0" tests="6" name="com.qa.testscripts.CategoryProductTest" time="77.853" errors="0" timestamp="2022-03-03T10:40:34 PST" skipped="0">
  <testcase classname="com.qa.testscripts.CategoryProductTest" name="verifyAllSubCategoryIsShown" time="11.204"/>
  <system-out/>
  <testcase classname="com.qa.testscripts.CategoryProductTest" name="verifyAllSubCategoryIsShown" time="13.615"/>
  <system-out/>
  <testcase classname="com.qa.testscripts.CategoryProductTest" name="verifyAllCategoryIsShown" time="19.072"/>
  <system-out/>
  <testcase classname="com.qa.testscripts.CategoryProductTest" name="verifyAllSubCategoryIsShown" time="11.404"/>
  <system-out/>
  <testcase classname="com.qa.testscripts.CategoryProductTest" name="verifySubCategorySearch" time="11.456"/>
  <system-out/>
  <testcase classname="com.qa.testscripts.CategoryProductTest" name="verifySubCategorySearch" time="11.102"/>
  <system-out/>
</testsuite> <!-- com.qa.testscripts.CategoryProductTest -->
