<?xml version="1.0" encoding="UTF-8"?>
<!-- Generated by org.testng.reporters.JUnitReportReporter -->
<testsuite hostname="BLLCLAPUS1410" failures="0" tests="1" name="com.qa.testscripts.AddtoCartTest" time="12.814" errors="0" timestamp="2022-03-03T18:50:15 PST" skipped="0">
  <testcase classname="com.qa.testscripts.AddtoCartTest" name="verifyAddtoCartByAddingZeroQuantities" time="12.814"/>
  <system-out/>
</testsuite> <!-- com.qa.testscripts.AddtoCartTest -->
