<?xml version="1.0" encoding="UTF-8"?>
<!-- Generated by org.testng.reporters.JUnitReportReporter -->
<testsuite skipped="0" hostname="BLLCLAPUS1410" name="com.qa.testscripts.LoginTest" tests="7" failures="0" timestamp="2022-03-04T10:47:14 PST" time="42.227" errors="0">
  <testcase name="verifyDeleteLogin" time="6.083" classname="com.qa.testscripts.LoginTest"/>
  <system-out/>
  <testcase name="verifyLoginWithEmptyEmailCredential" time="1.710" classname="com.qa.testscripts.LoginTest"/>
  <system-out/>
  <testcase name="verifyLoginWithInvalidCredentials" time="0.920" classname="com.qa.testscripts.LoginTest"/>
  <system-out/>
  <testcase name="verifyLoginWithEmptyCredentials" time="5.302" classname="com.qa.testscripts.LoginTest"/>
  <system-out/>
  <testcase name="verifyLoginWithValidCredential" time="2.459" classname="com.qa.testscripts.LoginTest"/>
  <system-out/>
  <testcase name="verifyLoginShowsProperLoggedInMessage" time="18.479" classname="com.qa.testscripts.LoginTest"/>
  <system-out/>
  <testcase name="verifyRegistartionWithInvalidEmail" time="7.274" classname="com.qa.testscripts.LoginTest"/>
  <system-out/>
</testsuite> <!-- com.qa.testscripts.LoginTest -->
