<?xml version="1.0" encoding="UTF-8"?>
<!-- Generated by org.testng.reporters.JUnitReportReporter -->
<testsuite skipped="0" hostname="BLLCLAPUS1410" name="com.qa.testrunner.TestRunner" tests="6" failures="0" timestamp="2022-03-04T10:47:14 PST" time="111.353" errors="0">
  <testcase name="runScenario" time="8.722" classname="com.qa.testrunner.TestRunner"/>
  <system-out/>
  <testcase name="runScenario" time="10.781" classname="com.qa.testrunner.TestRunner"/>
  <system-out/>
  <testcase name="runScenario" time="6.964" classname="com.qa.testrunner.TestRunner"/>
  <system-out/>
  <testcase name="runScenario" time="37.712" classname="com.qa.testrunner.TestRunner"/>
  <system-out/>
  <testcase name="runScenario" time="38.142" classname="com.qa.testrunner.TestRunner"/>
  <system-out/>
  <testcase name="runScenario" time="9.032" classname="com.qa.testrunner.TestRunner"/>
  <system-out/>
</testsuite> <!-- com.qa.testrunner.TestRunner -->
