<?xml version="1.0" encoding="UTF-8"?>
<!-- Generated by org.testng.reporters.JUnitReportReporter -->
<testsuite skipped="0" hostname="BLLCLAPUS1410" name="com.qa.testscripts.LoginTest" tests="7" failures="0" timestamp="2022-03-07T18:30:30 PST" time="55.615" errors="0">
  <testcase name="verifyRegistartionWithInvalidEmail" time="13.959" classname="com.qa.testscripts.LoginTest"/>
  <system-out/>
  <testcase name="verifyLoginShowsProperLoggedInMessage" time="19.319" classname="com.qa.testscripts.LoginTest"/>
  <system-out/>
  <testcase name="verifyLoginWithEmptyEmailCredential" time="0.520" classname="com.qa.testscripts.LoginTest"/>
  <system-out/>
  <testcase name="verifyLoginWithValidCredential" time="1.629" classname="com.qa.testscripts.LoginTest"/>
  <system-out/>
  <testcase name="verifyLoginWithEmptyCredentials" time="13.276" classname="com.qa.testscripts.LoginTest"/>
  <system-out/>
  <testcase name="verifyDeleteLogin" time="6.386" classname="com.qa.testscripts.LoginTest"/>
  <system-out/>
  <testcase name="verifyLoginWithInvalidCredentials" time="0.526" classname="com.qa.testscripts.LoginTest"/>
  <system-out/>
</testsuite> <!-- com.qa.testscripts.LoginTest -->
