<?xml version="1.0" encoding="UTF-8"?>
<!-- Generated by org.testng.reporters.JUnitReportReporter -->
<testsuite hostname="BLLCLAPUS1410" failures="0" tests="5" name="com.qa.testscripts.RegistrationTest" time="28.396" errors="0" timestamp="2022-03-02T12:05:35 PST" skipped="0">
  <testcase classname="com.qa.testscripts.RegistrationTest" name="verifyRegistartionWithInvalidEmail" time="3.271"/>
  <system-out/>
  <testcase classname="com.qa.testscripts.RegistrationTest" name="verifySignUpWithEmptyCredentials" time="6.115"/>
  <system-out/>
  <testcase classname="com.qa.testscripts.RegistrationTest" name="verifyPageTitle" time="4.453"/>
  <system-out/>
  <testcase classname="com.qa.testscripts.RegistrationTest" name="verifyRegistartionWithValidCredentials" time="8.894"/>
  <system-out/>
  <testcase classname="com.qa.testscripts.RegistrationTest" name="verifyRegistrationWithExistingUser" time="5.663"/>
  <system-out/>
</testsuite> <!-- com.qa.testscripts.RegistrationTest -->
