<?xml version="1.0" encoding="UTF-8"?>
<!-- Generated by org.testng.reporters.JUnitReportReporter -->
<testsuite hostname="BLLCLAPUS1410" failures="0" tests="6" name="com.qa.testrunner.TestRunner" time="110.141" errors="0" timestamp="2022-03-03T10:25:28 PST" skipped="0">
  <testcase classname="com.qa.testrunner.TestRunner" name="runScenario" time="6.907"/>
  <system-out/>
  <testcase classname="com.qa.testrunner.TestRunner" name="runScenario" time="7.192"/>
  <system-out/>
  <testcase classname="com.qa.testrunner.TestRunner" name="runScenario" time="9.056"/>
  <system-out/>
  <testcase classname="com.qa.testrunner.TestRunner" name="runScenario" time="11.796"/>
  <system-out/>
  <testcase classname="com.qa.testrunner.TestRunner" name="runScenario" time="37.877"/>
  <system-out/>
  <testcase classname="com.qa.testrunner.TestRunner" name="runScenario" time="37.313"/>
  <system-out/>
</testsuite> <!-- com.qa.testrunner.TestRunner -->
