<?xml version="1.0" encoding="UTF-8"?>
<!-- Generated by org.testng.reporters.JUnitReportReporter -->
<testsuite skipped="0" hostname="BLLCLAPUS1410" name="com.qa.testscripts.RegistrationTest" tests="5" failures="0" timestamp="2022-03-05T16:35:05 PST" time="51.111" errors="0">
  <testcase name="verifyRegistartionWithValidCredentials" time="16.342" classname="com.qa.testscripts.RegistrationTest"/>
  <system-out/>
  <testcase name="verifyRegistrationWithExistingUser" time="7.610" classname="com.qa.testscripts.RegistrationTest"/>
  <system-out/>
  <testcase name="verifyRegistartionWithInvalidEmail" time="7.024" classname="com.qa.testscripts.RegistrationTest"/>
  <system-out/>
  <testcase name="verifyPageTitle" time="13.270" classname="com.qa.testscripts.RegistrationTest"/>
  <system-out/>
  <testcase name="verifySignUpWithEmptyCredentials" time="6.865" classname="com.qa.testscripts.RegistrationTest"/>
  <system-out/>
</testsuite> <!-- com.qa.testscripts.RegistrationTest -->
