<?xml version="1.0" encoding="UTF-8"?>
<!-- Generated by org.testng.reporters.JUnitReportReporter -->
<testsuite hostname="BLLCLAPUS1410" failures="0" tests="1" name="com.qa.testrunner.TestRunner" time="10.001" errors="0" timestamp="2022-03-01T18:30:24 PST" skipped="0">
  <testcase classname="com.qa.testrunner.TestRunner" name="runScenario" time="10.001"/>
  <system-out/>
</testsuite> <!-- com.qa.testrunner.TestRunner -->
