<?xml version="1.0" encoding="UTF-8"?>
<!-- Generated by org.testng.reporters.JUnitReportReporter -->
<testsuite hostname="BLLCLAPUS1410" failures="0" tests="5" name="com.qa.testscripts.RegistrationTest" time="47.202" errors="0" timestamp="2022-03-03T21:54:15 PST" skipped="0">
  <testcase classname="com.qa.testscripts.RegistrationTest" name="verifyPageTitle" time="8.712"/>
  <system-out/>
  <testcase classname="com.qa.testscripts.RegistrationTest" name="verifySignUpWithEmptyCredentials" time="7.045"/>
  <system-out/>
  <testcase classname="com.qa.testscripts.RegistrationTest" name="verifyRegistartionWithValidCredentials" time="16.943"/>
  <system-out/>
  <testcase classname="com.qa.testscripts.RegistrationTest" name="verifyRegistrationWithExistingUser" time="8.399"/>
  <system-out/>
  <testcase classname="com.qa.testscripts.RegistrationTest" name="verifyRegistartionWithInvalidEmail" time="6.103"/>
  <system-out/>
</testsuite> <!-- com.qa.testscripts.RegistrationTest -->
