<?xml version="1.0" encoding="UTF-8"?>
<!-- Generated by org.testng.reporters.JUnitReportReporter -->
<testsuite skipped="0" hostname="BLLCLAPUS1410" name="com.qa.testscripts.CheckoutTest" tests="1" failures="0" timestamp="2022-03-05T16:25:11 PST" time="18.617" errors="0">
  <testcase name="verifyCartAsSignedInCustomer" time="18.617" classname="com.qa.testscripts.CheckoutTest"/>
  <system-out/>
</testsuite> <!-- com.qa.testscripts.CheckoutTest -->
