<?xml version="1.0" encoding="UTF-8"?>
<!-- Generated by org.testng.reporters.JUnitReportReporter -->
<testsuite hostname="BLLCLAPUS1410" failures="0" tests="5" name="com.qa.testscripts.RegistrationTest" time="75.411" errors="0" timestamp="2022-03-03T10:40:33 PST" skipped="0">
  <testcase classname="com.qa.testscripts.RegistrationTest" name="verifyRegistartionWithValidCredentials" time="18.894"/>
  <system-out/>
  <testcase classname="com.qa.testscripts.RegistrationTest" name="verifySignUpWithEmptyCredentials" time="10.117"/>
  <system-out/>
  <testcase classname="com.qa.testscripts.RegistrationTest" name="verifyRegistartionWithInvalidEmail" time="14.845"/>
  <system-out/>
  <testcase classname="com.qa.testscripts.RegistrationTest" name="verifyPageTitle" time="18.711"/>
  <system-out/>
  <testcase classname="com.qa.testscripts.RegistrationTest" name="verifyRegistrationWithExistingUser" time="12.844"/>
  <system-out/>
</testsuite> <!-- com.qa.testscripts.RegistrationTest -->
