<?xml version="1.0" encoding="UTF-8"?>
<!-- Generated by org.testng.reporters.JUnitReportReporter -->
<testsuite hostname="BLLCLAPUS1410" failures="0" tests="1" name="com.qa.testscripts.RegistrationTest" time="9.496" errors="0" timestamp="2022-03-03T14:32:34 PST" skipped="0">
  <testcase classname="com.qa.testscripts.RegistrationTest" name="verifyRegistartionWithValidCredentials" time="9.496"/>
  <system-out/>
</testsuite> <!-- com.qa.testscripts.RegistrationTest -->
