<?xml version="1.0" encoding="UTF-8"?>
<!-- Generated by org.testng.reporters.JUnitReportReporter -->
<testsuite skipped="0" hostname="BLLCLAPUS1410" name="com.qa.testrunner.TestRunner" tests="4" failures="0" timestamp="2022-03-08T14:39:16 PST" time="117.693" errors="0">
  <testcase name="runScenario" time="10.529" classname="com.qa.testrunner.TestRunner"/>
  <system-out/>
  <testcase name="runScenario" time="42.647" classname="com.qa.testrunner.TestRunner"/>
  <system-out/>
  <testcase name="runScenario" time="43.443" classname="com.qa.testrunner.TestRunner"/>
  <system-out/>
  <testcase name="runScenario" time="21.074" classname="com.qa.testrunner.TestRunner"/>
  <system-out/>
</testsuite> <!-- com.qa.testrunner.TestRunner -->
