<?xml version="1.0" encoding="UTF-8"?>
<!-- Generated by org.testng.reporters.JUnitReportReporter -->
<testsuite hostname="BLLCLAPUS1410" failures="0" tests="6" name="com.qa.testscripts.CategoryProductTest" time="38.557" errors="0" timestamp="2022-03-03T10:25:28 PST" skipped="0">
  <testcase classname="com.qa.testscripts.CategoryProductTest" name="verifyAllSubCategoryIsShown" time="5.728"/>
  <system-out/>
  <testcase classname="com.qa.testscripts.CategoryProductTest" name="verifyAllSubCategoryIsShown" time="6.313"/>
  <system-out/>
  <testcase classname="com.qa.testscripts.CategoryProductTest" name="verifySubCategorySearch" time="7.077"/>
  <system-out/>
  <testcase classname="com.qa.testscripts.CategoryProductTest" name="verifySubCategorySearch" time="7.497"/>
  <system-out/>
  <testcase classname="com.qa.testscripts.CategoryProductTest" name="verifyAllCategoryIsShown" time="5.633"/>
  <system-out/>
  <testcase classname="com.qa.testscripts.CategoryProductTest" name="verifyAllSubCategoryIsShown" time="6.309"/>
  <system-out/>
</testsuite> <!-- com.qa.testscripts.CategoryProductTest -->
