<?xml version="1.0" encoding="UTF-8"?>
<!-- Generated by org.testng.reporters.JUnitReportReporter -->
<testsuite hostname="BLLCLAPUS1410" failures="0" tests="6" name="com.qa.testrunner.TestRunner" time="107.464" errors="0" timestamp="2022-03-03T10:40:34 PST" skipped="0">
  <testcase classname="com.qa.testrunner.TestRunner" name="runScenario" time="37.315"/>
  <system-out/>
  <testcase classname="com.qa.testrunner.TestRunner" name="runScenario" time="37.407"/>
  <system-out/>
  <testcase classname="com.qa.testrunner.TestRunner" name="runScenario" time="7.793"/>
  <system-out/>
  <testcase classname="com.qa.testrunner.TestRunner" name="runScenario" time="7.751"/>
  <system-out/>
  <testcase classname="com.qa.testrunner.TestRunner" name="runScenario" time="9.394"/>
  <system-out/>
  <testcase classname="com.qa.testrunner.TestRunner" name="runScenario" time="7.804"/>
  <system-out/>
</testsuite> <!-- com.qa.testrunner.TestRunner -->
