<?xml version="1.0" encoding="UTF-8"?>
<!-- Generated by org.testng.reporters.JUnitReportReporter -->
<testsuite skipped="0" hostname="BLLCLAPUS1410" name="com.qa.testscripts.CheckoutTest" tests="3" failures="0" timestamp="2022-03-07T18:30:30 PST" time="40.267" errors="0">
  <testcase name="verifyCartAsGuestCustomer" time="10.813" classname="com.qa.testscripts.CheckoutTest"/>
  <system-out/>
  <testcase name="verifyCartAsSignedInCustomer" time="14.860" classname="com.qa.testscripts.CheckoutTest"/>
  <system-out/>
  <testcase name="verifyPlaceOrder" time="14.594" classname="com.qa.testscripts.CheckoutTest"/>
  <system-out/>
</testsuite> <!-- com.qa.testscripts.CheckoutTest -->
