<?xml version="1.0" encoding="UTF-8"?>
<!-- Generated by org.testng.reporters.JUnitReportReporter -->
<testsuite skipped="0" hostname="BLLCLAPUS1410" name="com.qa.testscripts.BrandProductTest" tests="6" failures="0" timestamp="2022-03-08T14:39:16 PST" time="97.325" errors="0">
  <testcase name="verifyProductCountUnderEachBrands" time="13.172" classname="com.qa.testscripts.BrandProductTest"/>
  <system-out/>
  <testcase name="verifyBrandListing" time="13.404" classname="com.qa.testscripts.BrandProductTest"/>
  <system-out/>
  <testcase name="verifyBrandListing" time="11.017" classname="com.qa.testscripts.BrandProductTest"/>
  <system-out/>
  <testcase name="verifyProductCountUnderEachBrands" time="17.620" classname="com.qa.testscripts.BrandProductTest"/>
  <system-out/>
  <testcase name="verifyProductCountUnderEachBrands" time="10.356" classname="com.qa.testscripts.BrandProductTest"/>
  <system-out/>
  <testcase name="verifyAllBrandsAreListed" time="31.756" classname="com.qa.testscripts.BrandProductTest"/>
  <system-out/>
</testsuite> <!-- com.qa.testscripts.BrandProductTest -->
