<?xml version="1.0" encoding="UTF-8"?>
<!-- Generated by org.testng.reporters.JUnitReportReporter -->
<testsuite hostname="BLLCLAPUS1410" failures="0" tests="7" name="com.qa.testscripts.LoginTest" time="31.488" errors="0" timestamp="2022-03-03T10:25:28 PST" skipped="0">
  <testcase classname="com.qa.testscripts.LoginTest" name="verifyRegistartionWithInvalidEmail" time="4.465"/>
  <system-out/>
  <testcase classname="com.qa.testscripts.LoginTest" name="verifyLoginWithInvalidCredentials" time="0.984"/>
  <system-out/>
  <testcase classname="com.qa.testscripts.LoginTest" name="verifyLoginShowsProperLoggedInMessage" time="11.339"/>
  <system-out/>
  <testcase classname="com.qa.testscripts.LoginTest" name="verifyLoginWithValidCredential" time="1.899"/>
  <system-out/>
  <testcase classname="com.qa.testscripts.LoginTest" name="verifyLoginWithEmptyCredentials" time="4.121"/>
  <system-out/>
  <testcase classname="com.qa.testscripts.LoginTest" name="verifyLoginWithEmptyEmailCredential" time="0.967"/>
  <system-out/>
  <testcase classname="com.qa.testscripts.LoginTest" name="verifyDeleteLogin" time="7.713"/>
  <system-out/>
</testsuite> <!-- com.qa.testscripts.LoginTest -->
