<?xml version="1.0" encoding="UTF-8"?>
<!-- Generated by org.testng.reporters.JUnitReportReporter -->
<testsuite skipped="0" hostname="BLLCLAPUS1410" name="com.qa.testscripts.RegistrationTest" tests="5" failures="0" timestamp="2022-03-07T18:30:30 PST" time="86.293" errors="0">
  <testcase name="verifyPageTitle" time="18.876" classname="com.qa.testscripts.RegistrationTest"/>
  <system-out/>
  <testcase name="verifyRegistrationWithExistingUser" time="15.713" classname="com.qa.testscripts.RegistrationTest"/>
  <system-out/>
  <testcase name="verifyRegistartionWithInvalidEmail" time="11.386" classname="com.qa.testscripts.RegistrationTest"/>
  <system-out/>
  <testcase name="verifySignUpWithEmptyCredentials" time="14.194" classname="com.qa.testscripts.RegistrationTest"/>
  <system-out/>
  <testcase name="verifyRegistartionWithValidCredentials" time="26.124" classname="com.qa.testscripts.RegistrationTest"/>
  <system-out/>
</testsuite> <!-- com.qa.testscripts.RegistrationTest -->
