<?xml version="1.0" encoding="UTF-8"?>
<!-- Generated by org.testng.reporters.JUnitReportReporter -->
<testsuite hostname="BLLCLAPUS1410" failures="0" tests="1" name="com.qa.testscripts.CategoryModuleTest" time="12.303" errors="0" timestamp="2022-03-03T09:47:38 PST" skipped="0">
  <testcase classname="com.qa.testscripts.CategoryModuleTest" name="verifySubCategorySearch" time="12.303"/>
  <system-out/>
</testsuite> <!-- com.qa.testscripts.CategoryModuleTest -->
