<?xml version="1.0" encoding="UTF-8"?>
<!-- Generated by org.testng.reporters.JUnitReportReporter -->
<testsuite hostname="BLLCLAPUS1410" failures="0" tests="7" name="com.qa.testscripts.LoginTest" time="18.076" errors="0" timestamp="2022-03-02T12:05:35 PST" skipped="0">
  <testcase classname="com.qa.testscripts.LoginTest" name="verifyLoginWithEmptyCredentials" time="3.008"/>
  <system-out/>
  <testcase classname="com.qa.testscripts.LoginTest" name="verifyDeleteLogin" time="0.849"/>
  <system-out/>
  <testcase classname="com.qa.testscripts.LoginTest" name="verifyLoginWithValidCredential" time="2.265"/>
  <system-out/>
  <testcase classname="com.qa.testscripts.LoginTest" name="verifyRegistartionWithInvalidEmail" time="3.712"/>
  <system-out/>
  <testcase classname="com.qa.testscripts.LoginTest" name="verifyLoginWithEmptyEmailCredential" time="0.352"/>
  <system-out/>
  <testcase classname="com.qa.testscripts.LoginTest" name="verifyLoginWithInvalidCredentials" time="1.892"/>
  <system-out/>
  <testcase classname="com.qa.testscripts.LoginTest" name="verifyLoginShowsProperLoggedInMessage" time="5.998"/>
  <system-out/>
</testsuite> <!-- com.qa.testscripts.LoginTest -->
