<?xml version="1.0" encoding="UTF-8"?>
<!-- Generated by org.testng.reporters.JUnitReportReporter -->
<testsuite hostname="BLLCLAPUS1410" failures="0" tests="7" name="com.qa.testscripts.LoginTest" time="34.192" errors="0" timestamp="2022-03-04T00:15:42 PST" skipped="0">
  <testcase classname="com.qa.testscripts.LoginTest" name="verifyLoginWithEmptyEmailCredential" time="1.925"/>
  <system-out/>
  <testcase classname="com.qa.testscripts.LoginTest" name="verifyDeleteLogin" time="8.484"/>
  <system-out/>
  <testcase classname="com.qa.testscripts.LoginTest" name="verifyLoginWithInvalidCredentials" time="0.458"/>
  <system-out/>
  <testcase classname="com.qa.testscripts.LoginTest" name="verifyRegistartionWithInvalidEmail" time="5.365"/>
  <system-out/>
  <testcase classname="com.qa.testscripts.LoginTest" name="verifyLoginWithEmptyCredentials" time="5.567"/>
  <system-out/>
  <testcase classname="com.qa.testscripts.LoginTest" name="verifyLoginShowsProperLoggedInMessage" time="11.504"/>
  <system-out/>
  <testcase classname="com.qa.testscripts.LoginTest" name="verifyLoginWithValidCredential" time="0.889"/>
  <system-out/>
</testsuite> <!-- com.qa.testscripts.LoginTest -->
