<?xml version="1.0" encoding="UTF-8"?>
<!-- Generated by org.testng.reporters.JUnitReportReporter -->
<testsuite skipped="0" hostname="BLLCLAPUS1410" name="com.qa.testscripts.CategoryProductTest" tests="6" failures="0" timestamp="2022-03-08T14:39:16 PST" time="88.416" errors="0">
  <testcase name="verifySubCategorySearch" time="19.122" classname="com.qa.testscripts.CategoryProductTest"/>
  <system-out/>
  <testcase name="verifyAllSubCategoryIsShown" time="12.320" classname="com.qa.testscripts.CategoryProductTest"/>
  <system-out/>
  <testcase name="verifyAllCategoryIsShown" time="21.763" classname="com.qa.testscripts.CategoryProductTest"/>
  <system-out/>
  <testcase name="verifyAllSubCategoryIsShown" time="11.712" classname="com.qa.testscripts.CategoryProductTest"/>
  <system-out/>
  <testcase name="verifyAllSubCategoryIsShown" time="12.274" classname="com.qa.testscripts.CategoryProductTest"/>
  <system-out/>
  <testcase name="verifySubCategorySearch" time="11.225" classname="com.qa.testscripts.CategoryProductTest"/>
  <system-out/>
</testsuite> <!-- com.qa.testscripts.CategoryProductTest -->
