<?xml version="1.0" encoding="UTF-8"?>
<!-- Generated by org.testng.reporters.JUnitReportReporter -->
<testsuite hostname="BLLCLAPUS1410" failures="0" tests="4" name="com.qa.testscripts.BrandProductTest" time="41.494" errors="0" timestamp="2022-03-03T14:32:34 PST" skipped="0">
  <testcase classname="com.qa.testscripts.BrandProductTest" name="verifyProductCountUnderEachBrands" time="11.465"/>
  <system-out/>
  <testcase classname="com.qa.testscripts.BrandProductTest" name="verifyProductCountUnderEachBrands" time="9.745"/>
  <system-out/>
  <testcase classname="com.qa.testscripts.BrandProductTest" name="verifyAllBrandsAreListed" time="11.017"/>
  <system-out/>
  <testcase classname="com.qa.testscripts.BrandProductTest" name="verifyProductCountUnderEachBrands" time="9.267"/>
  <system-out/>
</testsuite> <!-- com.qa.testscripts.BrandProductTest -->
