<?xml version="1.0" encoding="UTF-8"?>
<!-- Generated by org.testng.reporters.JUnitReportReporter -->
<testsuite skipped="0" hostname="BLLCLAPUS1410" name="com.qa.testscripts.AddtoCartTest" tests="7" failures="0" timestamp="2022-03-07T18:30:30 PST" time="120.482" errors="0">
  <testcase name="verifyAddtoCartFromViewItem" time="10.826" classname="com.qa.testscripts.AddtoCartTest"/>
  <system-out/>
  <testcase name="verifyAddtoCartByAddingZeroQuantities" time="9.779" classname="com.qa.testscripts.AddtoCartTest"/>
  <system-out/>
  <testcase name="verifyAddToCartAsGuestCustomer" time="31.097" classname="com.qa.testscripts.AddtoCartTest"/>
  <system-out/>
  <testcase name="verifyAddtoCartFromProductsPage" time="10.382" classname="com.qa.testscripts.AddtoCartTest"/>
  <system-out/>
  <testcase name="verifyAddtoCartAsASignedInCustomer" time="25.170" classname="com.qa.testscripts.AddtoCartTest"/>
  <system-out/>
  <testcase name="verifyAddtoCartByAddingMultipleQuantities" time="16.464" classname="com.qa.testscripts.AddtoCartTest"/>
  <system-out/>
  <testcase name="verifyAddtoCartByAddingSameProductMultiplyTimes" time="16.764" classname="com.qa.testscripts.AddtoCartTest"/>
  <system-out/>
</testsuite> <!-- com.qa.testscripts.AddtoCartTest -->
