<?xml version="1.0" encoding="UTF-8"?>
<!-- Generated by org.testng.reporters.JUnitReportReporter -->
<testsuite hostname="BLLCLAPUS1410" failures="0" tests="7" name="com.qa.testscripts.LoginTest" time="52.860" errors="0" timestamp="2022-03-03T10:40:33 PST" skipped="0">
  <testcase classname="com.qa.testscripts.LoginTest" name="verifyLoginShowsProperLoggedInMessage" time="20.988"/>
  <system-out/>
  <testcase classname="com.qa.testscripts.LoginTest" name="verifyLoginWithEmptyEmailCredential" time="2.144"/>
  <system-out/>
  <testcase classname="com.qa.testscripts.LoginTest" name="verifyLoginWithValidCredential" time="3.333"/>
  <system-out/>
  <testcase classname="com.qa.testscripts.LoginTest" name="verifyDeleteLogin" time="6.894"/>
  <system-out/>
  <testcase classname="com.qa.testscripts.LoginTest" name="verifyRegistartionWithInvalidEmail" time="8.480"/>
  <system-out/>
  <testcase classname="com.qa.testscripts.LoginTest" name="verifyLoginWithEmptyCredentials" time="9.871"/>
  <system-out/>
  <testcase classname="com.qa.testscripts.LoginTest" name="verifyLoginWithInvalidCredentials" time="1.150"/>
  <system-out/>
</testsuite> <!-- com.qa.testscripts.LoginTest -->
