<?xml version="1.0" encoding="UTF-8"?>
<!-- Generated by org.testng.reporters.JUnitReportReporter -->
<testsuite skipped="0" hostname="BLLCLAPUS1410" name="com.qa.testscripts.BrandProductTest" tests="6" failures="0" timestamp="2022-03-04T10:47:14 PST" time="50.804" errors="0">
  <testcase name="verifyAllBrandsAreListed" time="8.929" classname="com.qa.testscripts.BrandProductTest"/>
  <system-out/>
  <testcase name="verifyProductCountUnderEachBrands" time="8.783" classname="com.qa.testscripts.BrandProductTest"/>
  <system-out/>
  <testcase name="verifyProductCountUnderEachBrands" time="8.371" classname="com.qa.testscripts.BrandProductTest"/>
  <system-out/>
  <testcase name="verifyBrandListing" time="8.360" classname="com.qa.testscripts.BrandProductTest"/>
  <system-out/>
  <testcase name="verifyBrandListing" time="7.749" classname="com.qa.testscripts.BrandProductTest"/>
  <system-out/>
  <testcase name="verifyProductCountUnderEachBrands" time="8.612" classname="com.qa.testscripts.BrandProductTest"/>
  <system-out/>
</testsuite> <!-- com.qa.testscripts.BrandProductTest -->
