<?xml version="1.0" encoding="UTF-8"?>
<!-- Generated by org.testng.reporters.JUnitReportReporter -->
<testsuite hostname="BLLCLAPUS1410" failures="0" tests="6" name="com.qa.testrunner.TestRunner" time="88.532" errors="0" timestamp="2022-03-02T12:05:35 PST" skipped="0">
  <testcase classname="com.qa.testrunner.TestRunner" name="runScenario" time="5.313"/>
  <system-out/>
  <testcase classname="com.qa.testrunner.TestRunner" name="runScenario" time="34.574"/>
  <system-out/>
  <testcase classname="com.qa.testrunner.TestRunner" name="runScenario" time="5.485"/>
  <system-out/>
  <testcase classname="com.qa.testrunner.TestRunner" name="runScenario" time="3.986"/>
  <system-out/>
  <testcase classname="com.qa.testrunner.TestRunner" name="runScenario" time="4.266"/>
  <system-out/>
  <testcase classname="com.qa.testrunner.TestRunner" name="runScenario" time="34.908"/>
  <system-out/>
</testsuite> <!-- com.qa.testrunner.TestRunner -->
