<?xml version="1.0" encoding="UTF-8"?>
<!-- Generated by org.testng.reporters.JUnitReportReporter -->
<testsuite skipped="0" hostname="BLLCLAPUS1410" name="com.qa.testscripts.AutomationExcerciseHomePageTests" tests="1" failures="0" timestamp="2022-02-28T11:41:19 PST" time="15.992" errors="0">
  <testcase name="verifyPageTitle" time="15.992" classname="com.qa.testscripts.AutomationExcerciseHomePageTests"/>
  <system-out/>
</testsuite> <!-- com.qa.testscripts.AutomationExcerciseHomePageTests -->
