<?xml version="1.0" encoding="UTF-8"?>
<!-- Generated by org.testng.reporters.JUnitReportReporter -->
<testsuite hostname="BLLCLAPUS1410" failures="0" tests="3" name="com.qa.testrunner.TestRunner" time="22.981" errors="0" timestamp="2022-03-01T11:08:24 PST" skipped="0">
  <testcase classname="com.qa.testrunner.TestRunner" name="runScenario" time="7.874"/>
  <system-out/>
  <testcase classname="com.qa.testrunner.TestRunner" name="runScenario" time="8.217"/>
  <system-out/>
  <testcase classname="com.qa.testrunner.TestRunner" name="runScenario" time="6.890"/>
  <system-out/>
</testsuite> <!-- com.qa.testrunner.TestRunner -->
