<?xml version="1.0" encoding="UTF-8"?>
<!-- Generated by org.testng.reporters.JUnitReportReporter -->
<testsuite hostname="BLLCLAPUS1410" failures="0" tests="6" name="com.qa.testrunner.TestRunner" time="129.988" errors="0" timestamp="2022-03-03T10:14:59 PST" skipped="0">
  <testcase classname="com.qa.testrunner.TestRunner" name="runScenario" time="45.889"/>
  <system-out/>
  <testcase classname="com.qa.testrunner.TestRunner" name="runScenario" time="8.036"/>
  <system-out/>
  <testcase classname="com.qa.testrunner.TestRunner" name="runScenario" time="12.997"/>
  <system-out/>
  <testcase classname="com.qa.testrunner.TestRunner" name="runScenario" time="9.114"/>
  <system-out/>
  <testcase classname="com.qa.testrunner.TestRunner" name="runScenario" time="40.064"/>
  <system-out/>
  <testcase classname="com.qa.testrunner.TestRunner" name="runScenario" time="13.888"/>
  <system-out/>
</testsuite> <!-- com.qa.testrunner.TestRunner -->
