<?xml version="1.0" encoding="UTF-8"?>
<!-- Generated by org.testng.reporters.JUnitReportReporter -->
<testsuite hostname="BLLCLAPUS1410" failures="0" tests="1" name="com.qa.testscripts.AutomationExcerciseHomePageTests" time="8.206" errors="0" timestamp="2022-03-01T10:56:06 PST" skipped="0">
  <testcase classname="com.qa.testscripts.AutomationExcerciseHomePageTests" name="verifyPageTitle" time="8.206"/>
  <system-out/>
</testsuite> <!-- com.qa.testscripts.AutomationExcerciseHomePageTests -->
