<?xml version="1.0" encoding="UTF-8"?>
<!-- Generated by org.testng.reporters.JUnitReportReporter -->
<testsuite skipped="0" hostname="BLLCLAPUS1410" name="com.qa.testrunner.TestRunner" tests="3" failures="0" timestamp="2022-02-28T11:41:19 PST" time="0.522" errors="0">
  <testcase name="runScenario" time="0.485" classname="com.qa.testrunner.TestRunner"/>
  <system-out/>
  <testcase name="runScenario" time="0.019" classname="com.qa.testrunner.TestRunner"/>
  <system-out/>
  <testcase name="runScenario" time="0.018" classname="com.qa.testrunner.TestRunner"/>
  <system-out/>
</testsuite> <!-- com.qa.testrunner.TestRunner -->
