<?xml version="1.0" encoding="UTF-8"?>
<!-- Generated by org.testng.reporters.JUnitReportReporter -->
<testsuite hostname="BLLCLAPUS1410" failures="0" tests="6" name="com.qa.testrunner.TestRunner" time="104.173" errors="0" timestamp="2022-03-02T10:08:55 PST" skipped="0">
  <testcase classname="com.qa.testrunner.TestRunner" name="runScenario" time="37.471"/>
  <system-out/>
  <testcase classname="com.qa.testrunner.TestRunner" name="runScenario" time="13.714"/>
  <system-out/>
  <testcase classname="com.qa.testrunner.TestRunner" name="runScenario" time="5.637"/>
  <system-out/>
  <testcase classname="com.qa.testrunner.TestRunner" name="runScenario" time="4.179"/>
  <system-out/>
  <testcase classname="com.qa.testrunner.TestRunner" name="runScenario" time="35.518"/>
  <system-out/>
  <testcase classname="com.qa.testrunner.TestRunner" name="runScenario" time="7.654"/>
  <system-out/>
</testsuite> <!-- com.qa.testrunner.TestRunner -->
