<?xml version="1.0" encoding="UTF-8"?>
<!-- Generated by org.testng.reporters.JUnitReportReporter -->
<testsuite hostname="BLLCLAPUS1410" failures="0" tests="3" name="com.qa.testrunner.TestRunner" time="24.823" errors="0" timestamp="2022-03-01T08:25:30 PST" skipped="0">
  <testcase classname="com.qa.testrunner.TestRunner" name="runScenario" time="6.920"/>
  <system-out/>
  <testcase classname="com.qa.testrunner.TestRunner" name="runScenario" time="6.173"/>
  <system-out/>
  <testcase classname="com.qa.testrunner.TestRunner" name="runScenario" time="11.730"/>
  <system-out/>
</testsuite> <!-- com.qa.testrunner.TestRunner -->
