<?xml version="1.0" encoding="UTF-8"?>
<!-- Generated by org.testng.reporters.JUnitReportReporter -->
<testsuite hostname="BLLCLAPUS1410" failures="0" tests="3" name="com.qa.testrunner.TestRunner" time="18.895" errors="0" timestamp="2022-03-01T18:12:45 PST" skipped="0">
  <testcase classname="com.qa.testrunner.TestRunner" name="runScenario" time="6.148"/>
  <system-out/>
  <testcase classname="com.qa.testrunner.TestRunner" name="runScenario" time="6.427"/>
  <system-out/>
  <testcase classname="com.qa.testrunner.TestRunner" name="runScenario" time="6.320"/>
  <system-out/>
</testsuite> <!-- com.qa.testrunner.TestRunner -->
